\BOOKMARK [0][-]{chapter*.1}{\376\377\000P\000E\000N\000G\000E\000S\000A\000H\000A\000N\000\040\000S\000E\000M\000I\000N\000A\000R\000\040\000H\000A\000S\000I\000L}{}% 1
\BOOKMARK [0][-]{chapter*.2}{\376\377\000A\000B\000S\000T\000R\000A\000K}{}% 2
\BOOKMARK [0][-]{chapter*.3}{\376\377\000A\000B\000S\000T\000R\000A\000C\000T}{}% 3
\BOOKMARK [0][-]{chapter*.4}{\376\377\000K\000A\000T\000A\000\040\000P\000E\000N\000G\000A\000N\000T\000A\000R}{}% 4
\BOOKMARK [0][-]{chapter*.5}{\376\377\000D\000A\000F\000T\000A\000R\000\040\000I\000S\000I}{}% 5
\BOOKMARK [0][-]{chapter*.6}{\376\377\000D\000A\000F\000T\000A\000R\000\040\000T\000A\000B\000E\000L}{}% 6
\BOOKMARK [0][-]{chapter*.7}{\376\377\000D\000A\000F\000T\000A\000R\000\040\000G\000A\000M\000B\000A\000R}{}% 7
\BOOKMARK [0][-]{chapter*.8}{\376\377\000D\000A\000F\000T\000A\000R\000\040\000P\000R\000O\000G\000R\000A\000M}{}% 8
\BOOKMARK [0][-]{chapter*.9}{\376\377\000D\000A\000F\000T\000A\000R\000\040\000L\000A\000M\000P\000I\000R\000A\000N}{}% 9
\BOOKMARK [0][-]{chapter.1}{\376\377\000P\000E\000N\000D\000A\000H\000U\000L\000U\000A\000N}{}% 10
\BOOKMARK [1][-]{section.1.1}{\376\377\000L\000A\000T\000A\000R\000\040\000B\000E\000L\000A\000K\000A\000N\000G}{chapter.1}% 11
\BOOKMARK [1][-]{section.1.2}{\376\377\000R\000U\000M\000U\000S\000A\000N\000\040\000M\000A\000S\000A\000L\000A\000H}{chapter.1}% 12
\BOOKMARK [1][-]{section.1.3}{\376\377\000T\000U\000J\000U\000A\000N\000\040\000P\000E\000N\000E\000L\000I\000T\000I\000A\000N}{chapter.1}% 13
\BOOKMARK [1][-]{section.1.4}{\376\377\000M\000A\000N\000F\000A\000A\000T\000\040\000P\000E\000N\000E\000L\000I\000T\000I\000A\000N}{chapter.1}% 14
\BOOKMARK [0][-]{chapter.2}{\376\377\000T\000I\000N\000J\000A\000U\000A\000N\000\040\000K\000E\000P\000U\000S\000T\000A\000K\000A\000A\000N}{}% 15
\BOOKMARK [1][-]{section.2.1}{\376\377\000H\000i\000d\000r\000o\000p\000o\000n\000i\000k}{chapter.2}% 16
\BOOKMARK [1][-]{section.2.2}{\376\377\000P\000e\000m\000a\000s\000a\000r\000a\000n\000\040\000D\000i\000g\000i\000t\000a\000l}{chapter.2}% 17
\BOOKMARK [1][-]{section.2.3}{\376\377\000E\000-\000c\000o\000m\000m\000e\000r\000c\000e}{chapter.2}% 18
\BOOKMARK [1][-]{section.2.4}{\376\377\000W\000e\000b\000s\000i\000t\000e}{chapter.2}% 19
\BOOKMARK [1][-]{section.2.5}{\376\377\000E\000n\000t\000i\000t\000y\000\040\000R\000e\000l\000a\000t\000i\000o\000n\000s\000h\000i\000p\000\040\000D\000i\000a\000g\000r\000a\000m\000\040\000\050\000E\000R\000D\000\051}{chapter.2}% 20
\BOOKMARK [1][-]{section.2.6}{\376\377\000U\000n\000i\000f\000i\000e\000d\000\040\000M\000o\000d\000e\000l\000i\000n\000g\000\040\000l\000a\000n\000g\000u\000a\000g\000e\000\040\000\050\000U\000M\000L\000\051}{chapter.2}% 21
\BOOKMARK [1][-]{section.2.7}{\376\377\000L\000a\000r\000a\000v\000e\000l\000\040\000L\000i\000v\000e\000w\000i\000r\000e}{chapter.2}% 22
\BOOKMARK [1][-]{section.2.8}{\376\377\000M\000y\000S\000Q\000L}{chapter.2}% 23
\BOOKMARK [1][-]{section.2.9}{\376\377\000W\000e\000b\000\040\000S\000e\000r\000v\000i\000c\000e}{chapter.2}% 24
\BOOKMARK [1][-]{section.2.10}{\376\377\000R\000E\000S\000T}{chapter.2}% 25
\BOOKMARK [1][-]{section.2.11}{\376\377\000V\000i\000r\000t\000u\000a\000l\000\040\000P\000r\000i\000v\000a\000t\000e\000\040\000S\000e\000r\000v\000e\000r\000\040\000\050\000V\000P\000S\000\051}{chapter.2}% 26
\BOOKMARK [1][-]{section.2.12}{\376\377\000S\000c\000r\000u\000m}{chapter.2}% 27
\BOOKMARK [1][-]{section.2.13}{\376\377\000B\000l\000a\000c\000k\000\040\000B\000o\000x\000\040\000T\000e\000s\000t\000i\000n\000g}{chapter.2}% 28
\BOOKMARK [1][-]{section.2.14}{\376\377\000U\000s\000a\000b\000i\000l\000i\000t\000y\000\040\000M\000e\000t\000r\000i\000c\000\040\000f\000o\000r\000\040\000U\000s\000e\000r\000\040\000E\000x\000p\000e\000r\000i\000e\000n\000c\000e\000\040\000\050\000U\000M\000U\000X\000\051}{chapter.2}% 29
\BOOKMARK [0][-]{chapter.3}{\376\377\000M\000E\000T\000O\000D\000O\000L\000O\000G\000I\000\040\000P\000E\000N\000E\000L\000I\000T\000I\000A\000N}{}% 30
\BOOKMARK [1][-]{section.3.1}{\376\377\000W\000A\000K\000T\000U\000\040\000D\000A\000N\000\040\000L\000O\000K\000A\000S\000I\000\040\000P\000E\000N\000E\000L\000I\000T\000I\000A\000N}{chapter.3}% 31
\BOOKMARK [1][-]{section.3.2}{\376\377\000A\000L\000A\000T\000\040\000D\000A\000N\000\040\000B\000A\000H\000A\000N}{chapter.3}% 32
\BOOKMARK [1][-]{section.3.3}{\376\377\000M\000E\000T\000O\000D\000E\000\040\000P\000E\000N\000E\000L\000I\000T\000I\000A\000N}{chapter.3}% 33
\BOOKMARK [2][-]{subsection.3.3.1}{\376\377\000I\000d\000e\000n\000t\000i\000f\000i\000k\000a\000s\000i\000\040\000M\000a\000s\000a\000l\000a\000h}{section.3.3}% 34
\BOOKMARK [2][-]{subsection.3.3.2}{\376\377\000A\000n\000a\000l\000i\000s\000i\000s\000\040\000K\000e\000b\000u\000t\000u\000h\000a\000n}{section.3.3}% 35
\BOOKMARK [2][-]{subsection.3.3.3}{\376\377\000P\000e\000r\000a\000n\000c\000a\000n\000g\000a\000n\000\040\000S\000i\000s\000t\000e\000m}{section.3.3}% 36
\BOOKMARK [2][-]{subsection.3.3.4}{\376\377\000I\000m\000p\000l\000e\000m\000e\000n\000t\000a\000s\000i}{section.3.3}% 37
\BOOKMARK [2][-]{subsection.3.3.5}{\376\377\000P\000e\000n\000g\000u\000j\000i\000a\000n}{section.3.3}% 38
\BOOKMARK [0][-]{chapter.4}{\376\377\000H\000A\000S\000I\000L\000\040\000D\000A\000N\000\040\000P\000E\000M\000B\000A\000H\000A\000S\000A\000N}{}% 39
\BOOKMARK [1][-]{section.4.1}{\376\377\000A\000n\000a\000l\000i\000s\000i\000s\000\040\000K\000e\000b\000u\000t\000u\000h\000a\000n}{chapter.4}% 40
\BOOKMARK [2][-]{subsection.4.1.1}{\376\377\000K\000a\000t\000e\000g\000o\000r\000i\000\040\000P\000e\000n\000g\000g\000u\000n\000a}{section.4.1}% 41
\BOOKMARK [2][-]{subsection.4.1.2}{\376\377\000K\000e\000b\000u\000t\000u\000h\000a\000n\000\040\000P\000e\000n\000g\000g\000u\000n\000a}{section.4.1}% 42
\BOOKMARK [1][-]{section.4.2}{\376\377\000P\000e\000r\000a\000n\000c\000a\000n\000g\000a\000n\000\040\000S\000i\000s\000t\000e\000m}{chapter.4}% 43
\BOOKMARK [2][-]{subsection.4.2.1}{\376\377\000U\000s\000e\000\040\000C\000a\000s\000e\000\040\000D\000i\000a\000g\000r\000a\000m}{section.4.2}% 44
\BOOKMARK [2][-]{subsection.4.2.2}{\376\377\000S\000e\000q\000u\000e\000n\000c\000e\000\040\000D\000i\000a\000g\000r\000a\000m}{section.4.2}% 45
\BOOKMARK [2][-]{subsection.4.2.3}{\376\377\000A\000c\000t\000i\000v\000i\000t\000y\000\040\000D\000i\000a\000g\000r\000a\000m}{section.4.2}% 46
\BOOKMARK [2][-]{subsection.4.2.4}{\376\377\000E\000n\000t\000i\000t\000y\000\040\000R\000e\000l\000a\000t\000i\000o\000n\000s\000h\000i\000p\000\040\000D\000i\000a\000g\000r\000a\000m}{section.4.2}% 47
\BOOKMARK [2][-]{subsection.4.2.5}{\376\377\000A\000n\000t\000a\000r\000m\000u\000k\000a\000\040\000A\000p\000l\000i\000k\000a\000s\000i}{section.4.2}% 48
\BOOKMARK [1][-]{section.4.3}{\376\377\000I\000m\000p\000l\000e\000m\000e\000n\000t\000a\000s\000i\000\040\000S\000i\000s\000t\000e\000m}{chapter.4}% 49
\BOOKMARK [1][-]{section.4.4}{\376\377\000P\000e\000n\000g\000u\000j\000i\000a\000n\000\040\000S\000i\000s\000t\000e\000m}{chapter.4}% 50
\BOOKMARK [2][-]{subsection.4.4.1}{\376\377\000P\000e\000n\000g\000u\000j\000i\000a\000n\000\040\000F\000u\000n\000g\000s\000i\000o\000n\000a\000l\000i\000t\000a\000s\000\040\000M\000e\000n\000g\000g\000u\000n\000a\000k\000a\000n\000\040\000B\000l\000a\000c\000k\000\040\000B\000o\000x}{section.4.4}% 51
\BOOKMARK [2][-]{subsection.4.4.2}{\376\377\000P\000e\000n\000g\000u\000j\000i\000a\000n\000\040\000U\000s\000a\000b\000i\000l\000i\000t\000y\000\040\000M\000e\000n\000g\000g\000u\000n\000a\000k\000a\000n\000\040\000M\000e\000t\000o\000d\000e\000\040\000U\000M\000U\000X}{section.4.4}% 52
\BOOKMARK [0][-]{chapter.5}{\376\377\000K\000E\000S\000I\000M\000P\000U\000L\000A\000N\000\040\000D\000A\000N\000\040\000S\000A\000R\000A\000N}{}% 53
\BOOKMARK [1][-]{section.5.1}{\376\377\000K\000E\000S\000I\000M\000P\000U\000L\000A\000N}{chapter.5}% 54
\BOOKMARK [1][-]{section.5.2}{\376\377\000S\000A\000R\000A\000N}{chapter.5}% 55
\BOOKMARK [0][-]{chapter*.73}{\376\377\000D\000A\000F\000T\000A\000R\000\040\000K\000E\000P\000U\000S\000T\000A\000K\000A\000A\000N}{}% 56
\BOOKMARK [0][-]{chapter*.73}{\376\377\000L\000A\000M\000P\000I\000R\000A\000N}{}% 57
